<?xml version="1.0" encoding="UTF-8"?>
<!-- Generated by org.testng.reporters.JUnitReportReporter -->
<testsuite skipped="0" hostname="Sampada-PC" name="com.facebook.TestCases.LoginPageTest" tests="2" failures="0" timestamp="09 Feb 2019 12:49:23 GMT" time="26.669" errors="0">
  <testcase name="verifyTitleTest" time="0.040" classname="com.facebook.TestCases.LoginPageTest"/>
  <testcase name="verifyLoginTest" time="26.629" classname="com.facebook.TestCases.LoginPageTest"/>
</testsuite> <!-- com.facebook.TestCases.LoginPageTest -->
