<?xml version="1.0" encoding="UTF-8"?>
<!-- Generated by org.testng.reporters.JUnitReportReporter -->
<testsuite skipped="0" hostname="Sampada-PC" name="com.facebook.TestCases.SignUpPageTest" tests="1" failures="0" timestamp="09 Feb 2019 12:49:23 GMT" time="8.894" errors="0">
  <testcase name="signup" time="8.894" classname="com.facebook.TestCases.SignUpPageTest"/>
</testsuite> <!-- com.facebook.TestCases.SignUpPageTest -->
