<?xml version="1.0" encoding="UTF-8"?>
<!-- Generated by org.testng.reporters.JUnitReportReporter -->
<testsuite skipped="0" hostname="Sampada-PC" name="com.facebook.TestCases.LoginPageTest" tests="2" failures="0" timestamp="09 Feb 2019 12:43:58 GMT" time="31.286" errors="0">
  <testcase name="verifyLoginTest" time="29.756" classname="com.facebook.TestCases.LoginPageTest"/>
  <testcase name="verifyTitleTest" time="1.530" classname="com.facebook.TestCases.LoginPageTest"/>
</testsuite> <!-- com.facebook.TestCases.LoginPageTest -->
